<?xml version="1.0" encoding="UTF-8"?>
<!-- Generated by org.testng.reporters.JUnitReportReporter -->
<testsuite hostname="LTIN441699" failures="0" tests="3" name="testSuites.TestCases" time="69.710" errors="0" timestamp="27 Mar 2024 15:24:29 GMT" skipped="0">
  <testcase classname="testSuites.TestCases" name="hospitalNames" time="39.714"/>
  <testcase classname="testSuites.TestCases" name="TopCities" time="3.998"/>
  <testcase classname="testSuites.TestCases" name="corporateWellness" time="25.998"/>
</testsuite> <!-- testSuites.TestCases -->
